<?xml version="1.0" encoding="UTF-8"?>
<!-- Generated by org.testng.reporters.JUnitReportReporter -->
<testsuite skipped="0" hostname="VIKASSUM01" name="jenkinsMavenPackage.JenkinsMavenClassTest" tests="1" failures="0" timestamp="12 Dec 2018 14:35:14 GMT" time="0.012" errors="0">
  <testcase name="test" time="0.012" classname="jenkinsMavenPackage.JenkinsMavenClassTest"/>
</testsuite> <!-- jenkinsMavenPackage.JenkinsMavenClassTest -->
