<?xml version="1.0" encoding="UTF-8"?>
<!-- Generated by org.testng.reporters.JUnitReportReporter -->
<testsuite skipped="0" hostname="VIKASSUM01" name="jenkinsMavenPackage.JenkinsMavenClassTest" tests="1" failures="0" timestamp="13 Dec 2018 11:10:08 GMT" time="0.021" errors="0">
  <testcase name="test" time="0.021" classname="jenkinsMavenPackage.JenkinsMavenClassTest"/>
</testsuite> <!-- jenkinsMavenPackage.JenkinsMavenClassTest -->
